<?xml version="1.0" encoding="UTF-8"?>
<testng-results ignored="0" total="1" passed="1" failed="0" skipped="0">
  <reporter-output>
  </reporter-output>
  <suite started-at="2022-09-20T12:40:34 IST" name="Default suite" finished-at="2022-09-20T12:40:52 IST" duration-ms="17952">
    <groups>
    </groups>
    <test started-at="2022-09-20T12:40:34 IST" name="Default test" finished-at="2022-09-20T12:40:52 IST" duration-ms="17952">
      <class name="com.ecom.flipkart.CartTest.ProductAddToCartTest">
        <test-method is-config="true" signature="configBS()[pri:0, instance:com.ecom.flipkart.CartTest.ProductAddToCartTest@56620197]" started-at="2022-09-20T12:40:34 IST" name="configBS" finished-at="2022-09-20T12:40:34 IST" duration-ms="15" status="PASS">
          <reporter-output>
          </reporter-output>
        </test-method> <!-- configBS -->
        <test-method is-config="true" signature="configBC()[pri:0, instance:com.ecom.flipkart.CartTest.ProductAddToCartTest@56620197]" started-at="2022-09-20T12:40:34 IST" name="configBC" finished-at="2022-09-20T12:40:37 IST" duration-ms="2960" status="PASS">
          <reporter-output>
          </reporter-output>
        </test-method> <!-- configBC -->
        <test-method is-config="true" signature="configBM()[pri:0, instance:com.ecom.flipkart.CartTest.ProductAddToCartTest@56620197]" started-at="2022-09-20T12:40:37 IST" name="configBM" finished-at="2022-09-20T12:40:44 IST" duration-ms="7174" status="PASS">
          <reporter-output>
          </reporter-output>
        </test-method> <!-- configBM -->
        <test-method signature="addToCartWinterHeaterTest()[pri:0, instance:com.ecom.flipkart.CartTest.ProductAddToCartTest@56620197]" started-at="2022-09-20T12:40:44 IST" name="addToCartWinterHeaterTest" finished-at="2022-09-20T12:40:52 IST" duration-ms="7445" status="PASS">
          <reporter-output>
          </reporter-output>
        </test-method> <!-- addToCartWinterHeaterTest -->
        <test-method is-config="true" signature="configAM()[pri:0, instance:com.ecom.flipkart.CartTest.ProductAddToCartTest@56620197]" started-at="2022-09-20T12:40:52 IST" name="configAM" finished-at="2022-09-20T12:40:52 IST" duration-ms="2" status="PASS">
          <reporter-output>
          </reporter-output>
        </test-method> <!-- configAM -->
        <test-method is-config="true" signature="configAC()[pri:0, instance:com.ecom.flipkart.CartTest.ProductAddToCartTest@56620197]" started-at="2022-09-20T12:40:52 IST" name="configAC" finished-at="2022-09-20T12:40:52 IST" duration-ms="292" status="PASS">
          <reporter-output>
          </reporter-output>
        </test-method> <!-- configAC -->
        <test-method is-config="true" signature="configAS()[pri:0, instance:com.ecom.flipkart.CartTest.ProductAddToCartTest@56620197]" started-at="2022-09-20T12:40:52 IST" name="configAS" finished-at="2022-09-20T12:40:52 IST" duration-ms="1" status="PASS">
          <reporter-output>
          </reporter-output>
        </test-method> <!-- configAS -->
      </class> <!-- com.ecom.flipkart.CartTest.ProductAddToCartTest -->
    </test> <!-- Default test -->
  </suite> <!-- Default suite -->
</testng-results>
